[07:52:41] [ServerMain/INFO]: [bootstrap] Running Java 21 (OpenJDK 64-Bit Server VM 21.0.7+6-LTS; Microsoft Microsoft-11369942) on Linux 6.8.0-1030-azure (amd64)
[07:52:41] [ServerMain/INFO]: [bootstrap] Loading Paper 1.21.8-39-main@616a879 (2025-08-18T02:25:55Z) for Minecraft 1.21.8
[07:52:41] [ServerMain/INFO]: [PluginInitializerManager] Initializing plugins...
[07:52:41] [ServerMain/INFO]: [PluginInitializerManager] Initialized 1 plugin
[07:52:41] [ServerMain/INFO]: [PluginInitializerManager] Bukkit plugins (1):
 - playit-gg (0.1.4)
[07:52:49] [ServerMain/INFO]: Environment: Environment[sessionHost=https://sessionserver.mojang.com, servicesHost=https://api.minecraftservices.com, name=PROD]
[07:52:52] [ServerMain/INFO]: Loaded 1407 recipes
[07:52:52] [ServerMain/INFO]: Loaded 1520 advancements
[07:52:52] [ServerMain/INFO]: [ca.spottedleaf.dataconverter.minecraft.datatypes.MCTypeRegistry] Initialising converters for DataConverter...
[07:52:53] [ServerMain/INFO]: [ca.spottedleaf.dataconverter.minecraft.datatypes.MCTypeRegistry] Finished initialising converters for DataConverter in 686.8ms
[07:52:53] [Server thread/INFO]: Starting minecraft server version 1.21.8
[07:52:53] [Server thread/INFO]: Loading properties
[07:52:53] [Server thread/INFO]: This server is running Paper version 1.21.8-39-main@616a879 (2025-08-18T02:25:55Z) (Implementing API version 1.21.8-R0.1-SNAPSHOT)
[07:52:53] [Server thread/INFO]: [spark] This server bundles the spark profiler. For more information please visit https://docs.papermc.io/paper/profiling
[07:52:53] [Server thread/INFO]: Server Ping Player Sample Count: 12
[07:52:53] [Server thread/INFO]: Using 4 threads for Netty based IO
[07:52:55] [Server thread/INFO]: [MoonriseCommon] Paper is using 1 worker threads, 1 I/O threads
[07:52:55] [Server thread/INFO]: [ChunkTaskScheduler] Chunk system is using population gen parallelism: true
[07:52:56] [Server thread/INFO]: Default game type: SURVIVAL
[07:52:56] [Server thread/INFO]: Generating keypair
[07:52:56] [Server thread/INFO]: Starting Minecraft server on *:25565
[07:52:56] [Server thread/INFO]: Using epoll channel type
[07:52:56] [Server thread/INFO]: Paper: Using libdeflate (Linux x86_64) compression from Velocity.
[07:52:56] [Server thread/INFO]: Paper: Using OpenSSL 3.x.x (Linux x86_64) cipher from Velocity.
[07:52:56] [Server thread/INFO]: [playit-gg] Loading server plugin playit-gg v0.1.4
[07:52:56] [Server thread/INFO]: Server permissions file permissions.yml is empty, ignoring it
[07:52:56] [Server thread/INFO]: Preparing level "world"
[07:52:57] [Server thread/INFO]: Preparing start region for dimension minecraft:overworld
[07:52:57] [Server thread/INFO]: Preparing spawn area: 0%
[07:52:58] [Server thread/INFO]: Preparing spawn area: 0%
[07:52:58] [Server thread/INFO]: Preparing spawn area: 0%
[07:52:58] [Server thread/INFO]: Time elapsed: 1452 ms
[07:52:58] [Server thread/INFO]: Preparing start region for dimension minecraft:the_nether
[07:52:58] [Server thread/INFO]: Preparing spawn area: 0%
[07:52:59] [Server thread/INFO]: Preparing spawn area: 87%
[07:52:59] [Server thread/INFO]: Time elapsed: 521 ms
[07:52:59] [Server thread/INFO]: Preparing start region for dimension minecraft:the_end
[07:52:59] [Server thread/INFO]: Preparing spawn area: 0%
[07:52:59] [Server thread/INFO]: Time elapsed: 325 ms
[07:52:59] [Server thread/INFO]: [playit-gg] Enabling playit-gg v0.1.4
[07:52:59] [Thread-6/INFO]: [gg.playit.minecraft.PlayitKeysSetup] secret key found, checking
[07:52:59] [Thread-6/INFO]: [gg.playit.minecraft.PlayitKeysSetup] check secret
[07:53:00] [Server thread/INFO]: [spark] Starting background profiler...
[07:53:00] [Server thread/INFO]: Done preparing level "world" (3.948s)
[07:53:00] [Server thread/INFO]: Running delayed init tasks
[07:53:00] [Server thread/INFO]: Done (20.611s)! For help, type "help"
[07:53:01] [Thread-6/INFO]: [gg.playit.minecraft.PlayitKeysSetup] found minecraft java tunnel: quote-denial.joinmc.link
[07:53:01] [Thread-6/INFO]: [gg.playit.minecraft.PlayitManager] keys and tunnel setup
[07:53:01] [Thread-6/INFO]: playit.gg: WARNING:  plugin is running with a guest account
[07:53:01] [Thread-6/INFO]: playit.gg: see server console for setup URL
[07:53:01] [Thread-6/INFO]: [gg.playit.minecraft.PlayitManager] setup playit.gg account: https://playit.gg/login/guest-account/00010000000000000000001793e368b00add010000000002e5499c487532175f021a28bfa3e27e0ec8fb223f7a8e356ba28d903fd1ca9e71
[07:53:01] [Thread-6/INFO]: playit.gg: tunnel setup
[07:53:01] [Thread-6/INFO]: playit.gg: quote-denial.joinmc.link
[07:53:01] [Thread-6/WARN]: [gg.playit.control.ChannelSetup] Got IO error working with :control.playit.gg/2602:fbaf:848:0:0:0:0:1, error : java.net.SocketException: Network is unreachable
[07:53:02] [Thread-6/INFO]: [gg.playit.control.ChannelSetup] request queued, waiting 1 second before resend
[07:53:27] [Server thread/INFO]: Stopping the server
[07:53:27] [Server thread/INFO]: Stopping server
[07:53:27] [Server thread/INFO]: [playit-gg] Disabling playit-gg v0.1.4
[07:53:27] [Server thread/INFO]: Saving players
[07:53:27] [Server thread/INFO]: Saving worlds
[07:53:27] [Server thread/INFO]: Saving chunks for level 'ServerLevel[world]'/minecraft:overworld
[07:53:27] [Server thread/INFO]: [ChunkHolderManager] Waiting 60s for chunk system to halt for world 'world'
[07:53:27] [Server thread/INFO]: [ChunkHolderManager] Halted chunk system for world 'world'
[07:53:27] [Server thread/INFO]: [ChunkHolderManager] Saving all chunkholders for world 'world'
[07:53:27] [Server thread/INFO]: [ChunkHolderManager] Saved 49 block chunks, 49 entity chunks, 0 poi chunks in world 'world' in 0.36s
[07:53:27] [Server thread/INFO]: [ChunkHolderManager] Waiting 60s for chunk I/O to halt for world 'world'
[07:53:27] [Server thread/INFO]: [ChunkHolderManager] Halted I/O scheduler for world 'world'
[07:53:27] [Server thread/INFO]: Saving chunks for level 'ServerLevel[world_nether]'/minecraft:the_nether
[07:53:27] [Server thread/INFO]: [ChunkHolderManager] Waiting 60s for chunk system to halt for world 'world_nether'
[07:53:27] [Server thread/INFO]: [ChunkHolderManager] Halted chunk system for world 'world_nether'
[07:53:27] [Server thread/INFO]: [ChunkHolderManager] Saving all chunkholders for world 'world_nether'
[07:53:27] [Thread-6/INFO]: [gg.playit.minecraft.PlayitManager] control channel shutdown
[07:53:27] [Server thread/INFO]: [ChunkHolderManager] Saved 49 block chunks, 49 entity chunks, 0 poi chunks in world 'world_nether' in 0.21s
[07:53:27] [Server thread/INFO]: [ChunkHolderManager] Waiting 60s for chunk I/O to halt for world 'world_nether'
[07:53:27] [Server thread/INFO]: [ChunkHolderManager] Halted I/O scheduler for world 'world_nether'
[07:53:27] [Server thread/INFO]: Saving chunks for level 'ServerLevel[world_the_end]'/minecraft:the_end
[07:53:27] [Server thread/INFO]: [ChunkHolderManager] Waiting 60s for chunk system to halt for world 'world_the_end'
[07:53:27] [Server thread/INFO]: [ChunkHolderManager] Halted chunk system for world 'world_the_end'
[07:53:27] [Server thread/INFO]: [ChunkHolderManager] Saving all chunkholders for world 'world_the_end'
[07:53:28] [Server thread/INFO]: [ChunkHolderManager] Saved 49 block chunks, 49 entity chunks, 0 poi chunks in world 'world_the_end' in 0.25s
[07:53:28] [Server thread/INFO]: [ChunkHolderManager] Waiting 60s for chunk I/O to halt for world 'world_the_end'
[07:53:28] [Server thread/INFO]: [ChunkHolderManager] Halted I/O scheduler for world 'world_the_end'
[07:53:28] [Server thread/INFO]: ThreadedAnvilChunkStorage (world): All chunks are saved
[07:53:28] [Server thread/INFO]: ThreadedAnvilChunkStorage (DIM-1): All chunks are saved
[07:53:28] [Server thread/INFO]: ThreadedAnvilChunkStorage (DIM1): All chunks are saved
[07:53:28] [Server thread/INFO]: ThreadedAnvilChunkStorage: All dimensions are saved
[07:53:28] [Server thread/INFO]: Waiting for all RegionFile I/O tasks to complete...
[07:53:28] [Server thread/INFO]: All RegionFile I/O tasks to complete
[07:53:28] [Server thread/INFO]: [MoonriseCommon] Awaiting termination of worker pool for up to 60s...
[07:53:28] [Server thread/INFO]: [MoonriseCommon] Awaiting termination of I/O pool for up to 60s...
